2026-04-01 09:38:43 | INFO | CI | === RUN START ===
2026-04-01 09:38:43 | INFO | CI | project=MODULE 4: EVTL PIPELINE
2026-04-01 09:38:43 | INFO | CI | repo_dir=nlp-04-api-text-data
2026-04-01 09:38:43 | INFO | CI | python=3.14.2
2026-04-01 09:38:43 | INFO | CI | os=Windows 11
2026-04-01 09:38:43 | INFO | CI | shell=powershell
2026-04-01 09:38:43 | INFO | CI | cwd=.
2026-04-01 09:38:43 | INFO | CI | github_actions=False
2026-04-01 09:38:43 | INFO | CI | START PIPELINE
2026-04-01 09:38:43 | INFO | CI | ROOT_PATH = .
2026-04-01 09:38:43 | INFO | CI | DATA_PATH = data
2026-04-01 09:38:43 | INFO | CI | RAW_PATH = data\raw
2026-04-01 09:38:43 | INFO | CI | PROCESSED_PATH = data\processed
2026-04-01 09:38:43 | INFO | CI | ========================
2026-04-01 09:38:43 | INFO | CI | STAGE 01: EXTRACT starting... 
2026-04-01 09:38:43 | INFO | CI | ========================
2026-04-01 09:38:43 | INFO | CI | SOURCE PATH = https://jsonplaceholder.typicode.com/posts
2026-04-01 09:38:43 | INFO | CI | SINK PATH = data\raw\case_raw.json
2026-04-01 09:38:43 | INFO | CI | ========================
2026-04-01 09:38:43 | INFO | CI | STAGE 02: VALIDATE starting...
2026-04-01 09:38:43 | INFO | CI | ========================
2026-04-01 09:38:43 | INFO | CI | JSON STRUCTURE INSPECTION:
2026-04-01 09:38:43 | INFO | CI | Top-level type: list
2026-04-01 09:38:43 | INFO | CI | Keys in first record: ['userId', 'id', 'title', 'body']
2026-04-01 09:38:43 | INFO | CI | Field types:
2026-04-01 09:38:43 | INFO | CI | userId: int
2026-04-01 09:38:43 | INFO | CI | id: int
2026-04-01 09:38:43 | INFO | CI | title: str
2026-04-01 09:38:43 | INFO | CI | body: str
2026-04-01 09:38:43 | INFO | CI | Validation passed.
2026-04-01 09:38:43 | INFO | CI | Sink: validated JSON object
2026-04-01 09:38:43 | INFO | CI | ========================
2026-04-01 09:38:43 | INFO | CI | STAGE 03: TRANSFORM starting...
2026-04-01 09:38:43 | INFO | CI | ========================
2026-04-01 09:38:43 | INFO | CI | Transformation complete.
2026-04-01 09:38:43 | INFO | CI | DataFrame preview:
shape: (5, 6)
┌─────────┬─────────┬─────────────────────────────────┬─────────────────────────────────┬──────────────┬─────────────┐
│ user_id ┆ post_id ┆ title                           ┆ body                            ┆ title_length ┆ body_length │
│ ---     ┆ ---     ┆ ---                             ┆ ---                             ┆ ---          ┆ ---         │
│ i64     ┆ i64     ┆ str                             ┆ str                             ┆ u32          ┆ u32         │
╞═════════╪═════════╪═════════════════════════════════╪═════════════════════════════════╪══════════════╪═════════════╡
│ 1       ┆ 1       ┆ sunt aut facere repellat provi… ┆ quia et suscipit                ┆ 74           ┆ 158         │
│         ┆         ┆                                 ┆ suscipit recu…                  ┆              ┆             │
│ 1       ┆ 2       ┆ qui est esse                    ┆ est rerum tempore vitae         ┆ 12           ┆ 206         │
│         ┆         ┆                                 ┆ sequi …                         ┆              ┆             │
│ 1       ┆ 3       ┆ ea molestias quasi exercitatio… ┆ et iusto sed quo iure           ┆ 59           ┆ 164         │
│         ┆         ┆                                 ┆ voluptat…                       ┆              ┆             │
│ 1       ┆ 4       ┆ eum et est occaecati            ┆ ullam et saepe reiciendis volu… ┆ 20           ┆ 190         │
│ 1       ┆ 5       ┆ nesciunt quas odio              ┆ repudiandae veniam quaerat sun… ┆ 18           ┆ 147         │
└─────────┴─────────┴─────────────────────────────────┴─────────────────────────────────┴──────────────┴─────────────┘
2026-04-01 09:38:43 | INFO | CI | Sink: Polars DataFrame created
2026-04-01 09:38:43 | INFO | CI | ========================
2026-04-01 09:38:43 | INFO | CI | STAGE 04: LOAD starting...
2026-04-01 09:38:43 | INFO | CI | ========================
2026-04-01 09:38:43 | INFO | CI | SINK PATH = data\processed\case_processed.csv
2026-04-01 09:38:43 | INFO | CI | ========================
2026-04-01 09:38:43 | INFO | CI | Pipeline executed successfully!
2026-04-01 09:38:43 | INFO | CI | ========================
2026-04-07 05:46:32 | INFO | CI | === RUN START ===
2026-04-07 05:46:32 | INFO | CI | project=MODULE 4: EVTL PIPELINE
2026-04-07 05:46:32 | INFO | CI | repo_dir=nlp-04-api-text-data
2026-04-07 05:46:32 | INFO | CI | python=3.14.2
2026-04-07 05:46:32 | INFO | CI | os=Windows 11
2026-04-07 05:46:32 | INFO | CI | shell=powershell
2026-04-07 05:46:32 | INFO | CI | cwd=.
2026-04-07 05:46:32 | INFO | CI | github_actions=False
2026-04-07 05:46:32 | INFO | CI | START PIPELINE
2026-04-07 05:46:32 | INFO | CI | ROOT_PATH = .
2026-04-07 05:46:32 | INFO | CI | DATA_PATH = data
2026-04-07 05:46:32 | INFO | CI | RAW_PATH = data\raw
2026-04-07 05:46:32 | INFO | CI | PROCESSED_PATH = data\processed
2026-04-07 05:46:32 | INFO | CI | ========================
2026-04-07 05:46:32 | INFO | CI | STAGE 01: EXTRACT starting... 
2026-04-07 05:46:32 | INFO | CI | ========================
2026-04-07 05:46:32 | INFO | CI | SOURCE PATH = https://jsonplaceholder.typicode.com/posts
2026-04-07 05:46:32 | INFO | CI | SINK PATH = data\raw\reed_raw.json
2026-04-07 05:46:32 | INFO | CI | ========================
2026-04-07 05:46:32 | INFO | CI | STAGE 02: VALIDATE starting...
2026-04-07 05:46:32 | INFO | CI | ========================
2026-04-07 05:46:32 | INFO | CI | JSON STRUCTURE INSPECTION:
2026-04-07 05:46:32 | INFO | CI | Top-level type: list
2026-04-07 05:46:32 | INFO | CI | Keys in first record: ['userId', 'id', 'title', 'body']
2026-04-07 05:46:32 | INFO | CI | Field types:
2026-04-07 05:46:32 | INFO | CI | userId: int
2026-04-07 05:46:32 | INFO | CI | id: int
2026-04-07 05:46:32 | INFO | CI | title: str
2026-04-07 05:46:32 | INFO | CI | body: str
2026-04-07 05:46:32 | INFO | CI | Validation passed.
2026-04-07 05:46:32 | INFO | CI | Sink: validated JSON object
2026-04-07 05:46:32 | INFO | CI | ========================
2026-04-07 05:46:32 | INFO | CI | STAGE 03: TRANSFORM starting...
2026-04-07 05:46:32 | INFO | CI | ========================
2026-04-07 05:46:32 | INFO | CI | Transformation complete.
2026-04-07 05:46:32 | INFO | CI | DataFrame preview:
shape: (5, 6)
┌─────────┬─────────┬─────────────────────────────────┬─────────────────────────────────┬──────────────┬─────────────┐
│ user_id ┆ post_id ┆ title                           ┆ body                            ┆ title_length ┆ body_length │
│ ---     ┆ ---     ┆ ---                             ┆ ---                             ┆ ---          ┆ ---         │
│ i64     ┆ i64     ┆ str                             ┆ str                             ┆ u32          ┆ u32         │
╞═════════╪═════════╪═════════════════════════════════╪═════════════════════════════════╪══════════════╪═════════════╡
│ 1       ┆ 1       ┆ sunt aut facere repellat provi… ┆ quia et suscipit                ┆ 74           ┆ 158         │
│         ┆         ┆                                 ┆ suscipit recu…                  ┆              ┆             │
│ 1       ┆ 2       ┆ qui est esse                    ┆ est rerum tempore vitae         ┆ 12           ┆ 206         │
│         ┆         ┆                                 ┆ sequi …                         ┆              ┆             │
│ 1       ┆ 3       ┆ ea molestias quasi exercitatio… ┆ et iusto sed quo iure           ┆ 59           ┆ 164         │
│         ┆         ┆                                 ┆ voluptat…                       ┆              ┆             │
│ 1       ┆ 4       ┆ eum et est occaecati            ┆ ullam et saepe reiciendis volu… ┆ 20           ┆ 190         │
│ 1       ┆ 5       ┆ nesciunt quas odio              ┆ repudiandae veniam quaerat sun… ┆ 18           ┆ 147         │
└─────────┴─────────┴─────────────────────────────────┴─────────────────────────────────┴──────────────┴─────────────┘
2026-04-07 05:46:32 | INFO | CI | Sink: Polars DataFrame created
2026-04-07 05:46:32 | INFO | CI | ========================
2026-04-07 05:46:32 | INFO | CI | STAGE 04: LOAD starting...
2026-04-07 05:46:32 | INFO | CI | ========================
2026-04-07 05:46:32 | INFO | CI | SINK PATH = data\processed\reed_processed.csv
2026-04-07 05:46:32 | INFO | CI | ========================
2026-04-07 05:46:32 | INFO | CI | Pipeline executed successfully!
2026-04-07 05:46:32 | INFO | CI | ========================
2026-04-07 05:50:17 | INFO | CI | === RUN START ===
2026-04-07 05:50:17 | INFO | CI | project=MODULE 4: EVTL PIPELINE
2026-04-07 05:50:17 | INFO | CI | repo_dir=nlp-04-api-text-data
2026-04-07 05:50:17 | INFO | CI | python=3.14.2
2026-04-07 05:50:17 | INFO | CI | os=Windows 11
2026-04-07 05:50:17 | INFO | CI | shell=powershell
2026-04-07 05:50:17 | INFO | CI | cwd=.
2026-04-07 05:50:17 | INFO | CI | github_actions=False
2026-04-07 05:50:17 | INFO | CI | START PIPELINE
2026-04-07 05:50:17 | INFO | CI | ROOT_PATH = .
2026-04-07 05:50:17 | INFO | CI | DATA_PATH = data
2026-04-07 05:50:17 | INFO | CI | RAW_PATH = data\raw
2026-04-07 05:50:17 | INFO | CI | PROCESSED_PATH = data\processed
2026-04-07 05:50:17 | INFO | CI | ========================
2026-04-07 05:50:17 | INFO | CI | STAGE 01: EXTRACT starting... 
2026-04-07 05:50:17 | INFO | CI | ========================
2026-04-07 05:50:17 | INFO | CI | SOURCE PATH = https://jsonplaceholder.typicode.com/comments
2026-04-07 05:50:17 | INFO | CI | SINK PATH = data\raw\reed_raw.json
2026-04-07 05:50:17 | INFO | CI | ========================
2026-04-07 05:50:17 | INFO | CI | STAGE 02: VALIDATE starting...
2026-04-07 05:50:17 | INFO | CI | ========================
2026-04-07 05:50:17 | INFO | CI | JSON STRUCTURE INSPECTION:
2026-04-07 05:50:17 | INFO | CI | Top-level type: list
2026-04-07 05:50:17 | INFO | CI | Keys in first record: ['postId', 'id', 'name', 'email', 'body']
2026-04-07 05:50:17 | INFO | CI | Field types:
2026-04-07 05:50:17 | INFO | CI | postId: int
2026-04-07 05:50:17 | INFO | CI | id: int
2026-04-07 05:50:17 | INFO | CI | name: str
2026-04-07 05:50:17 | INFO | CI | email: str
2026-04-07 05:50:17 | INFO | CI | body: str
2026-04-07 05:50:17 | INFO | CI | Validation passed.
2026-04-07 05:50:17 | INFO | CI | Sink: validated JSON object
2026-04-07 05:50:17 | INFO | CI | ========================
2026-04-07 05:50:17 | INFO | CI | STAGE 03: TRANSFORM starting...
2026-04-07 05:50:17 | INFO | CI | ========================
2026-04-07 06:02:11 | INFO | CI | === RUN START ===
2026-04-07 06:02:11 | INFO | CI | project=MODULE 4: EVTL PIPELINE
2026-04-07 06:02:11 | INFO | CI | repo_dir=nlp-04-api-text-data
2026-04-07 06:02:11 | INFO | CI | python=3.14.2
2026-04-07 06:02:11 | INFO | CI | os=Windows 11
2026-04-07 06:02:11 | INFO | CI | shell=powershell
2026-04-07 06:02:11 | INFO | CI | cwd=.
2026-04-07 06:02:11 | INFO | CI | github_actions=False
2026-04-07 06:02:11 | INFO | CI | START PIPELINE
2026-04-07 06:02:11 | INFO | CI | ROOT_PATH = .
2026-04-07 06:02:11 | INFO | CI | DATA_PATH = data
2026-04-07 06:02:11 | INFO | CI | RAW_PATH = data\raw
2026-04-07 06:02:11 | INFO | CI | PROCESSED_PATH = data\processed
2026-04-07 06:02:11 | INFO | CI | ========================
2026-04-07 06:02:11 | INFO | CI | STAGE 01: EXTRACT starting... 
2026-04-07 06:02:11 | INFO | CI | ========================
2026-04-07 06:02:11 | INFO | CI | SOURCE PATH = https://jsonplaceholder.typicode.com/comments
2026-04-07 06:02:11 | INFO | CI | SINK PATH = data\raw\reed_raw.json
2026-04-07 06:02:11 | INFO | CI | ========================
2026-04-07 06:02:11 | INFO | CI | STAGE 02: VALIDATE starting...
2026-04-07 06:02:11 | INFO | CI | ========================
2026-04-07 06:02:11 | INFO | CI | JSON STRUCTURE INSPECTION:
2026-04-07 06:02:11 | INFO | CI | Top-level type: list
2026-04-07 06:02:11 | INFO | CI | Keys in first record: ['postId', 'id', 'name', 'email', 'body']
2026-04-07 06:02:11 | INFO | CI | Field types:
2026-04-07 06:02:11 | INFO | CI | postId: int
2026-04-07 06:02:11 | INFO | CI | id: int
2026-04-07 06:02:11 | INFO | CI | name: str
2026-04-07 06:02:11 | INFO | CI | email: str
2026-04-07 06:02:11 | INFO | CI | body: str
2026-04-07 06:02:11 | INFO | CI | Validation passed.
2026-04-07 06:02:11 | INFO | CI | Sink: validated JSON object
2026-04-07 06:02:11 | INFO | CI | ========================
2026-04-07 06:02:11 | INFO | CI | STAGE 03: TRANSFORM starting...
2026-04-07 06:02:11 | INFO | CI | ========================
2026-04-07 06:02:11 | INFO | CI | Transformation complete.
2026-04-07 06:02:11 | INFO | CI | DataFrame preview:
shape: (5, 7)
┌─────────┬─────┬────────────────────────┬───────────────────────┬───────────────────────┬─────────────┬─────────────┐
│ post_id ┆ id  ┆ name                   ┆ email                 ┆ body                  ┆ name_length ┆ body_length │
│ ---     ┆ --- ┆ ---                    ┆ ---                   ┆ ---                   ┆ ---         ┆ ---         │
│ i64     ┆ i64 ┆ str                    ┆ str                   ┆ str                   ┆ u32         ┆ u32         │
╞═════════╪═════╪════════════════════════╪═══════════════════════╪═══════════════════════╪═════════════╪═════════════╡
│ 1       ┆ 1   ┆ id labore ex et quam   ┆ Eliseo@gardner.biz    ┆ laudantium enim quasi ┆ 28          ┆ 148         │
│         ┆     ┆ laborum                ┆                       ┆ est quid…             ┆             ┆             │
│ 1       ┆ 2   ┆ quo vero reiciendis    ┆ Jayne_Kuhic@sydney.co ┆ est natus enim nihil  ┆ 41          ┆ 168         │
│         ┆     ┆ velit simi…            ┆ m                     ┆ est dolor…            ┆             ┆             │
│ 1       ┆ 3   ┆ odio adipisci rerum    ┆ Nikita@garfield.biz   ┆ quia molestiae        ┆ 29          ┆ 218         │
│         ┆     ┆ aut animi              ┆                       ┆ reprehenderit q…      ┆             ┆             │
│ 1       ┆ 4   ┆ alias odio sit         ┆ Lew@alysha.tv         ┆ non et atque          ┆ 14          ┆ 154         │
│         ┆     ┆                        ┆                       ┆ occaecati deserun…    ┆             ┆             │
│ 1       ┆ 5   ┆ vero eaque aliquid     ┆ Hayden@althea.biz     ┆ harum non quasi et    ┆ 37          ┆ 132         │
│         ┆     ┆ doloribus e…           ┆                       ┆ ratione               ┆             ┆             │
│         ┆     ┆                        ┆                       ┆ tem…                  ┆             ┆             │
└─────────┴─────┴────────────────────────┴───────────────────────┴───────────────────────┴─────────────┴─────────────┘
2026-04-07 06:02:11 | INFO | CI | Sink: Polars DataFrame created
2026-04-07 06:02:11 | INFO | CI | ========================
2026-04-07 06:02:11 | INFO | CI | STAGE 04: LOAD starting...
2026-04-07 06:02:11 | INFO | CI | ========================
2026-04-07 06:02:11 | INFO | CI | SINK PATH = data\processed\reed_processed.csv
2026-04-07 06:02:11 | INFO | CI | ========================
2026-04-07 06:02:11 | INFO | CI | Pipeline executed successfully!
2026-04-07 06:02:11 | INFO | CI | ========================
